<?xml version="1.0" encoding="UTF-8"?>
<!-- Generated by org.testng.reporters.JUnitXMLReporter -->
<testsuite ignored="0" hostname="DESKTOP-JI0NE71" failures="0" tests="4" name="Default test" time="6.55" errors="0" timestamp="2026-02-06T08:42:45 EST">
  <testcase classname="api.Tests.Run_Test" name="createUser" time="2.854"/>
  <testcase classname="api.Tests.Run_Test" name="findUser" time="1.855"/>
  <testcase classname="api.Tests.Run_Test" name="updateUser" time="1.112"/>
  <testcase classname="api.Tests.Run_Test" name="deleteCreatedUser" time="0.502"/>
</testsuite> <!-- Default test -->
